0 info it worked if it ends with ok
1 verbose cli [ '/usr/local/bin/node', '/usr/local/bin/npm', 'start' ]
2 info using npm@3.10.3
3 info using node@v6.3.1
4 verbose run-script [ 'prestart', 'start', 'poststart' ]
5 info lifecycle web-blog-koa@1.0.0~prestart: web-blog-koa@1.0.0
6 silly lifecycle web-blog-koa@1.0.0~prestart: no script for prestart, continuing
7 info lifecycle web-blog-koa@1.0.0~start: web-blog-koa@1.0.0
8 verbose lifecycle web-blog-koa@1.0.0~start: unsafe-perm in lifecycle true
9 verbose lifecycle web-blog-koa@1.0.0~start: PATH: /usr/local/lib/node_modules/npm/bin/node-gyp-bin:/Users/chinaskin/myblog/web-blog-koa/node_modules/.bin:/usr/local/bin:/Users/chinaskin/Tools/sonar-runner-2.4/lib:/Users/chinaskin/Tools/android-sdk-macosx/build-tools/23.0.1:/Users/chinaskin/Tools/android-sdk-macosx/build-tools:/Users/chinaskin/Tools/android-sdk-macosx/platform-tools:/Users/chinaskin/Tools/android-sdk-macosx/tools:/Users/chinaskin/Tools/mongodb/bin:/Users/chinaskin/Tools/appcrawler-1.1.2/conf:/Users/chinaskin/Tools/appcrawler-1.1.2/bin:/Users/chinaskin/Tools/build-wrapper-3.8/macosx-x86:/Users/chinaskin/Tools/CrashMonkey4IOS/bin:/Users/chinaskin/Tools/oclint-0.8.1/bin:/Users/chinaskin/Tools/sonar-runner-2.4/bin:/Users/chinaskin/Tools/sonarqube-6.0/bin/macosx-universal-64:/Users/chinaskin/Tools/apache-maven-3.2.2/bin:/usr/local/mysql/bin:/Users/chinaskin/Tools/apache-tomcat-8.0.26/bin:/Users/chinaskin/Tools/apache-ant-1.9.6/bin:/Users/chinaskin/Tools/apache-jmeter-2.13/bin:/Users/chinaskin/Tools/gradle-2.14/bin:/Library/Java/JavaVirtualMachines/jdk1.8.0_102.jdk/Contents/Home/bin:/Library/Java/JavaVirtualMachines/jdk1.8.0_102.jdk/Contents/Home/bin:/usr/local/bin:/usr/bin:/bin:/usr/sbin:/sbin:/opt/X11/bin
10 verbose lifecycle web-blog-koa@1.0.0~start: CWD: /Users/chinaskin/myblog/web-blog-koa
11 silly lifecycle web-blog-koa@1.0.0~start: Args: [ '-c', 'DEBUG=* node --harmony app' ]
12 silly lifecycle web-blog-koa@1.0.0~start: Returned: code: 1  signal: null
13 info lifecycle web-blog-koa@1.0.0~start: Failed to exec start script
14 verbose stack Error: web-blog-koa@1.0.0 start: `DEBUG=* node --harmony app`
14 verbose stack Exit status 1
14 verbose stack     at EventEmitter.<anonymous> (/usr/local/lib/node_modules/npm/lib/utils/lifecycle.js:242:16)
14 verbose stack     at emitTwo (events.js:106:13)
14 verbose stack     at EventEmitter.emit (events.js:191:7)
14 verbose stack     at ChildProcess.<anonymous> (/usr/local/lib/node_modules/npm/lib/utils/spawn.js:40:14)
14 verbose stack     at emitTwo (events.js:106:13)
14 verbose stack     at ChildProcess.emit (events.js:191:7)
14 verbose stack     at maybeClose (internal/child_process.js:852:16)
14 verbose stack     at Process.ChildProcess._handle.onexit (internal/child_process.js:215:5)
15 verbose pkgid web-blog-koa@1.0.0
16 verbose cwd /Users/chinaskin/myblog/web-blog-koa
17 error Darwin 15.6.0
18 error argv "/usr/local/bin/node" "/usr/local/bin/npm" "start"
19 error node v6.3.1
20 error npm  v3.10.3
21 error code ELIFECYCLE
22 error web-blog-koa@1.0.0 start: `DEBUG=* node --harmony app`
22 error Exit status 1
23 error Failed at the web-blog-koa@1.0.0 start script 'DEBUG=* node --harmony app'.
23 error Make sure you have the latest version of node.js and npm installed.
23 error If you do, this is most likely a problem with the web-blog-koa package,
23 error not with npm itself.
23 error Tell the author that this fails on your system:
23 error     DEBUG=* node --harmony app
23 error You can get information on how to open an issue for this project with:
23 error     npm bugs web-blog-koa
23 error Or if that isn't available, you can get their info via:
23 error     npm owner ls web-blog-koa
23 error There is likely additional logging output above.
24 verbose exit [ 1, true ]
